This is pdfTeX, Version 3.14159265-2.6-1.40.18 (MiKTeX 2.9.6300 64-bit) (preloaded format=pdflatex 2017.6.1)  15 JUN 2017 23:03
entering extended mode
**./viva-report.tex
(viva-report.tex
LaTeX2e <2017-04-15>
Babel <3.9r> and hyphenation patterns for 75 language(s) loaded.
(header.tex (glasgowthesis.cls
Document Class: glasgowthesis 
("C:\Program Files\MiKTeX 2.9\tex\latex\base\book.cls"
Document Class: book 2014/09/29 v1.4h Standard LaTeX document class
("C:\Program Files\MiKTeX 2.9\tex\latex\base\bk12.clo"
File: bk12.clo 2014/09/29 v1.4h Standard LaTeX file (size option)
)
\c@part=\count79
\c@chapter=\count80
\c@section=\count81
\c@subsection=\count82
\c@subsubsection=\count83
\c@paragraph=\count84
\c@subparagraph=\count85
\c@figure=\count86
\c@table=\count87
\abovecaptionskip=\skip41
\belowcaptionskip=\skip42
\bibindent=\dimen102
)
("C:\Program Files\MiKTeX 2.9\tex\latex\geometry\geometry.sty"
Package: geometry 2010/09/12 v5.6 Page Geometry

("C:\Program Files\MiKTeX 2.9\tex\latex\graphics\keyval.sty"
Package: keyval 2014/10/28 v1.15 key=value parser (DPC)
\KV@toks@=\toks14
)
("C:\Program Files\MiKTeX 2.9\tex\generic\oberdiek\ifpdf.sty"
Package: ifpdf 2017/03/15 v3.2 Provides the ifpdf switch
)
("C:\Program Files\MiKTeX 2.9\tex\generic\oberdiek\ifvtex.sty"
Package: ifvtex 2016/05/16 v1.6 Detect VTeX and its facilities (HO)
Package ifvtex Info: VTeX not detected.
)
("C:\Program Files\MiKTeX 2.9\tex\generic\ifxetex\ifxetex.sty"
Package: ifxetex 2010/09/12 v0.6 Provides ifxetex conditional
)
\Gm@cnth=\count88
\Gm@cntv=\count89
\c@Gm@tempcnt=\count90
\Gm@bindingoffset=\dimen103
\Gm@wd@mp=\dimen104
\Gm@odd@mp=\dimen105
\Gm@even@mp=\dimen106
\Gm@layoutwidth=\dimen107
\Gm@layoutheight=\dimen108
\Gm@layouthoffset=\dimen109
\Gm@layoutvoffset=\dimen110
\Gm@dimlist=\toks15

("C:\Program Files\MiKTeX 2.9\tex\latex\geometry\geometry.cfg"))
("C:\Program Files\MiKTeX 2.9\tex\latex\graphics\graphicx.sty"
Package: graphicx 2014/10/28 v1.0g Enhanced LaTeX Graphics (DPC,SPQR)

("C:\Program Files\MiKTeX 2.9\tex\latex\graphics\graphics.sty"
Package: graphics 2017/04/14 v1.1b Standard LaTeX Graphics (DPC,SPQR)

("C:\Program Files\MiKTeX 2.9\tex\latex\graphics\trig.sty"
Package: trig 2016/01/03 v1.10 sin cos tan (DPC)
)
("C:\Program Files\MiKTeX 2.9\tex\latex\graphics-cfg\graphics.cfg"
File: graphics.cfg 2016/06/04 v1.11 sample graphics configuration
)
Package graphics Info: Driver file: pdftex.def on input line 99.

("C:\Program Files\MiKTeX 2.9\tex\latex\graphics-def\pdftex.def"
File: pdftex.def 2017/01/12 v0.06k Graphics/color for pdfTeX

("C:\Program Files\MiKTeX 2.9\tex\generic\oberdiek\infwarerr.sty"
Package: infwarerr 2016/05/16 v1.4 Providing info/warning/error messages (HO)
)
("C:\Program Files\MiKTeX 2.9\tex\generic\oberdiek\ltxcmds.sty"
Package: ltxcmds 2016/05/16 v1.23 LaTeX kernel commands for general use (HO)
)
\Gread@gobject=\count91
))
\Gin@req@height=\dimen111
\Gin@req@width=\dimen112
)
("C:\Program Files\MiKTeX 2.9\tex\latex\psnfss\times.sty"
Package: times 2005/04/12 PSNFSS-v9.2a (SPQR) 
)
(C:\Users\sara\AppData\Roaming\MiKTeX\2.9\tex\latex\sectsty\sectsty.sty
Package: sectsty 2002/02/25 v2.0.2 Commands to change all sectional heading sty
les
)
("C:\Program Files\MiKTeX 2.9\tex\latex\psnfss\helvet.sty"
Package: helvet 2005/04/12 PSNFSS-v9.2a (WaS) 
)
(C:\Users\sara\AppData\Roaming\MiKTeX\2.9\tex\latex\setspace\setspace.sty
Package: setspace 2011/12/19 v6.7a set line spacing
)
(C:\Users\sara\AppData\Roaming\MiKTeX\2.9\tex\latex\fancyhdr\fancyhdr.sty
Package: fancyhdr 2016/10/11 v3.9 Extensive control of page headers and footers

\f@nch@headwidth=\skip43
\f@nch@O@elh=\skip44
\f@nch@O@erh=\skip45
\f@nch@O@olh=\skip46
\f@nch@O@orh=\skip47
\f@nch@O@elf=\skip48
\f@nch@O@erf=\skip49
\f@nch@O@olf=\skip50
\f@nch@O@orf=\skip51
)

Package Fancyhdr Warning: \fancyhead's `E' option without twoside option is use
less on input line 100.


Package Fancyhdr Warning: \fancyhead's `E' option without twoside option is use
less on input line 102.

) (C:\Users\sara\AppData\Roaming\MiKTeX\2.9\tex\latex\url\url.sty
\Urlmuskip=\muskip10
Package: url 2013/09/16  ver 3.4  Verb mode for urls, etc.
)
(C:\Users\sara\AppData\Roaming\MiKTeX\2.9\tex\latex\algorithms\algorithmic.sty
Package: algorithmic 2009/08/24 v0.1 Document Style `algorithmic'

("C:\Program Files\MiKTeX 2.9\tex\latex\base\ifthen.sty"
Package: ifthen 2014/09/29 v1.1c Standard LaTeX ifthen package (DPC)
)
\c@ALC@unique=\count92
\c@ALC@line=\count93
\c@ALC@rem=\count94
\c@ALC@depth=\count95
\ALC@tlm=\skip52
\algorithmicindent=\skip53
)
(C:\Users\sara\AppData\Roaming\MiKTeX\2.9\tex\latex\algorithms\algorithm.sty
Package: algorithm 2009/08/24 v0.1 Document Style `algorithm' - floating enviro
nment

("C:\Program Files\MiKTeX 2.9\tex\latex\float\float.sty"
Package: float 2001/11/08 v1.3d Float enhancements (AL)
\c@float@type=\count96
\float@exts=\toks16
\float@box=\box26
\@float@everytoks=\toks17
\@floatcapt=\box27
)
\@float@every@algorithm=\toks18
\c@algorithm=\count97
)
(C:\Users\sara\AppData\Roaming\MiKTeX\2.9\tex\latex\mcaption\mcaption.sty
Package: mcaption 2009/03/13 v3.0 Put captions into the outer document margin (
SH)

(C:\Users\sara\AppData\Roaming\MiKTeX\2.9\tex\latex\changepage\changepage.sty
Package: changepage 2009/10/20 v1.0c check page and change page layout
\c@cp@cntr=\count98
\cp@tempcnt=\count99
)
\margincapsep=\skip54
\mcaption@ObjectBox=\box28
\mcaption@CaptionBox=\box29
) (C:\Users\sara\AppData\Roaming\MiKTeX\2.9\tex\latex\subfig\subfig.sty
Package: subfig 2005/06/28 ver: 1.3 subfig package

(C:\Users\sara\AppData\Roaming\MiKTeX\2.9\tex\latex\caption\caption.sty
Package: caption 2016/02/21 v3.3-144 Customizing captions (AR)

(C:\Users\sara\AppData\Roaming\MiKTeX\2.9\tex\latex\caption\caption3.sty
Package: caption3 2016/05/22 v1.7-166 caption3 kernel (AR)
Package caption3 Info: TeX engine: e-TeX on input line 67.
\captionmargin=\dimen113
\captionmargin@=\dimen114
\captionwidth=\dimen115
\caption@tempdima=\dimen116
\caption@indent=\dimen117
\caption@parindent=\dimen118
\caption@hangindent=\dimen119
)
\c@ContinuedFloat=\count100
Package caption Info: float package is loaded.
)
\c@KVtest=\count101
\sf@farskip=\skip55
\sf@captopadj=\dimen120
\sf@capskip=\skip56
\sf@nearskip=\skip57
\c@subfigure=\count102
\c@subfigure@save=\count103
\c@lofdepth=\count104
\c@subtable=\count105
\c@subtable@save=\count106
\c@lotdepth=\count107
\sf@top=\skip58
\sf@bottom=\skip59
)
("C:\Program Files\MiKTeX 2.9\tex\latex\amsmath\amsmath.sty"
Package: amsmath 2016/11/05 v2.16a AMS math features
\@mathmargin=\skip60

For additional information on amsmath, use the `?' option.
("C:\Program Files\MiKTeX 2.9\tex\latex\amsmath\amstext.sty"
Package: amstext 2000/06/29 v2.01 AMS text

("C:\Program Files\MiKTeX 2.9\tex\latex\amsmath\amsgen.sty"
File: amsgen.sty 1999/11/30 v2.0 generic functions
\@emptytoks=\toks19
\ex@=\dimen121
))
("C:\Program Files\MiKTeX 2.9\tex\latex\amsmath\amsbsy.sty"
Package: amsbsy 1999/11/29 v1.2d Bold Symbols
\pmbraise@=\dimen122
)
("C:\Program Files\MiKTeX 2.9\tex\latex\amsmath\amsopn.sty"
Package: amsopn 2016/03/08 v2.02 operator names
)
\inf@bad=\count108
LaTeX Info: Redefining \frac on input line 213.
\uproot@=\count109
\leftroot@=\count110
LaTeX Info: Redefining \overline on input line 375.
\classnum@=\count111
\DOTSCASE@=\count112
LaTeX Info: Redefining \ldots on input line 472.
LaTeX Info: Redefining \dots on input line 475.
LaTeX Info: Redefining \cdots on input line 596.
\Mathstrutbox@=\box30
\strutbox@=\box31
\big@size=\dimen123
LaTeX Font Info:    Redeclaring font encoding OML on input line 712.
LaTeX Font Info:    Redeclaring font encoding OMS on input line 713.
\macc@depth=\count113
\c@MaxMatrixCols=\count114
\dotsspace@=\muskip11
\c@parentequation=\count115
\dspbrk@lvl=\count116
\tag@help=\toks20
\row@=\count117
\column@=\count118
\maxfields@=\count119
\andhelp@=\toks21
\eqnshift@=\dimen124
\alignsep@=\dimen125
\tagshift@=\dimen126
\tagwidth@=\dimen127
\totwidth@=\dimen128
\lineht@=\dimen129
\@envbody=\toks22
\multlinegap=\skip61
\multlinetaggap=\skip62
\mathdisplay@stack=\toks23
LaTeX Info: Redefining \[ on input line 2817.
LaTeX Info: Redefining \] on input line 2818.
)
("C:\Program Files\MiKTeX 2.9\tex\latex\amsfonts\amssymb.sty"
Package: amssymb 2013/01/14 v3.01 AMS font symbols

("C:\Program Files\MiKTeX 2.9\tex\latex\amsfonts\amsfonts.sty"
Package: amsfonts 2013/01/14 v3.01 Basic AMSFonts support
\symAMSa=\mathgroup4
\symAMSb=\mathgroup5
LaTeX Font Info:    Overwriting math alphabet `\mathfrak' in version `bold'
(Font)                  U/euf/m/n --> U/euf/b/n on input line 106.
))
("C:\Program Files\MiKTeX 2.9\tex\latex\oberdiek\bookmark.sty"
Package: bookmark 2016/05/17 v1.26 PDF bookmarks (HO)

("C:\Program Files\MiKTeX 2.9\tex\generic\oberdiek\pdfescape.sty"
Package: pdfescape 2016/05/16 v1.14 Implements pdfTeX's escape features (HO)

("C:\Program Files\MiKTeX 2.9\tex\generic\oberdiek\pdftexcmds.sty"
Package: pdftexcmds 2017/03/19 v0.25 Utility functions of pdfTeX for LuaTeX (HO
)

("C:\Program Files\MiKTeX 2.9\tex\generic\oberdiek\ifluatex.sty"
Package: ifluatex 2016/05/16 v1.4 Provides the ifluatex switch (HO)
Package ifluatex Info: LuaTeX not detected.
)
Package pdftexcmds Info: LuaTeX not detected.
Package pdftexcmds Info: \pdf@primitive is available.
Package pdftexcmds Info: \pdf@ifprimitive is available.
Package pdftexcmds Info: \pdfdraftmode found.
))
("C:\Program Files\MiKTeX 2.9\tex\latex\hyperref\hyperref.sty"
Package: hyperref 2017/03/14 v6.85a Hypertext links for LaTeX

("C:\Program Files\MiKTeX 2.9\tex\generic\oberdiek\hobsub-hyperref.sty"
Package: hobsub-hyperref 2016/05/16 v1.14 Bundle oberdiek, subset hyperref (HO)


("C:\Program Files\MiKTeX 2.9\tex\generic\oberdiek\hobsub-generic.sty"
Package: hobsub-generic 2016/05/16 v1.14 Bundle oberdiek, subset generic (HO)
Package: hobsub 2016/05/16 v1.14 Construct package bundles (HO)
Package hobsub Info: Skipping package `infwarerr' (already loaded).
Package hobsub Info: Skipping package `ltxcmds' (already loaded).
Package hobsub Info: Skipping package `ifluatex' (already loaded).
Package hobsub Info: Skipping package `ifvtex' (already loaded).
Package: intcalc 2016/05/16 v1.2 Expandable calculations with integers (HO)
Package hobsub Info: Skipping package `ifpdf' (already loaded).
Package: etexcmds 2016/05/16 v1.6 Avoid name clashes with e-TeX commands (HO)
Package etexcmds Info: Could not find \expanded.
(etexcmds)             That can mean that you are not using pdfTeX 1.50 or
(etexcmds)             that some package has redefined \expanded.
(etexcmds)             In the latter case, load this package earlier.
Package: kvsetkeys 2016/05/16 v1.17 Key value parser (HO)
Package: kvdefinekeys 2016/05/16 v1.4 Define keys (HO)
Package hobsub Info: Skipping package `pdftexcmds' (already loaded).
Package hobsub Info: Skipping package `pdfescape' (already loaded).
Package: bigintcalc 2016/05/16 v1.4 Expandable calculations on big integers (HO
)
Package: bitset 2016/05/16 v1.2 Handle bit-vector datatype (HO)
Package: uniquecounter 2016/05/16 v1.3 Provide unlimited unique counter (HO)
)
Package hobsub Info: Skipping package `hobsub' (already loaded).
Package: letltxmacro 2016/05/16 v1.5 Let assignment for LaTeX macros (HO)
Package: hopatch 2016/05/16 v1.3 Wrapper for package hooks (HO)
Package: xcolor-patch 2016/05/16 xcolor patch
Package: atveryend 2016/05/16 v1.9 Hooks at the very end of document (HO)
Package atveryend Info: \enddocument detected (standard20110627).
Package: atbegshi 2016/06/09 v1.18 At begin shipout hook (HO)
Package: refcount 2016/05/16 v3.5 Data extraction from label references (HO)
Package: hycolor 2016/05/16 v1.8 Color options for hyperref/bookmark (HO)
)
("C:\Program Files\MiKTeX 2.9\tex\latex\oberdiek\auxhook.sty"
Package: auxhook 2016/05/16 v1.4 Hooks for auxiliary files (HO)
)
("C:\Program Files\MiKTeX 2.9\tex\latex\oberdiek\kvoptions.sty"
Package: kvoptions 2016/05/16 v3.12 Key value format for package options (HO)
)
\@linkdim=\dimen130
\Hy@linkcounter=\count120
\Hy@pagecounter=\count121

("C:\Program Files\MiKTeX 2.9\tex\latex\hyperref\pd1enc.def"
File: pd1enc.def 2017/03/14 v6.85a Hyperref: PDFDocEncoding definition (HO)
)
\Hy@SavedSpaceFactor=\count122

("C:\Program Files\MiKTeX 2.9\tex\latex\00miktex\hyperref.cfg"
File: hyperref.cfg 2002/06/06 v1.2 hyperref configuration of TeXLive
)
Package hyperref Info: Hyper figures OFF on input line 4498.
Package hyperref Info: Link nesting OFF on input line 4503.
Package hyperref Info: Hyper index ON on input line 4506.
Package hyperref Info: Plain pages OFF on input line 4513.
Package hyperref Info: Backreferencing OFF on input line 4518.
Package hyperref Info: Implicit mode ON; LaTeX internals redefined.
Package hyperref Info: Bookmarks ON on input line 4751.
\c@Hy@tempcnt=\count123
LaTeX Info: Redefining \url on input line 5104.
\XeTeXLinkMargin=\dimen131
\Fld@menulength=\count124
\Field@Width=\dimen132
\Fld@charsize=\dimen133
Package hyperref Info: Hyper figures OFF on input line 6358.
Package hyperref Info: Link nesting OFF on input line 6363.
Package hyperref Info: Hyper index ON on input line 6366.
Package hyperref Info: backreferencing OFF on input line 6373.
Package hyperref Info: Link coloring OFF on input line 6378.
Package hyperref Info: Link coloring with OCG OFF on input line 6383.
Package hyperref Info: PDF/A mode OFF on input line 6388.
LaTeX Info: Redefining \ref on input line 6428.
LaTeX Info: Redefining \pageref on input line 6432.
\Hy@abspage=\count125
\c@Item=\count126
\c@Hfootnote=\count127
)

Package hyperref Message: Driver (autodetected): hpdftex.

("C:\Program Files\MiKTeX 2.9\tex\latex\hyperref\hpdftex.def"
File: hpdftex.def 2017/03/14 v6.85a Hyperref driver for pdfTeX
\Fld@listcount=\count128
\c@bookmark@seq@number=\count129

("C:\Program Files\MiKTeX 2.9\tex\latex\oberdiek\rerunfilecheck.sty"
Package: rerunfilecheck 2016/05/16 v1.8 Rerun checks for auxiliary files (HO)
Package uniquecounter Info: New unique counter `rerunfilecheck' on input line 2
82.
)
\Hy@SectionHShift=\skip63
)
("C:\Program Files\MiKTeX 2.9\tex\latex\oberdiek\bkm-pdftex.def"
File: bkm-pdftex.def 2016/05/17 v1.26 bookmark driver for pdfTeX (HO)
\BKM@id=\count130
))
(C:\Users\sara\AppData\Roaming\MiKTeX\2.9\tex\latex\xcolor\xcolor.sty
Package: xcolor 2016/05/11 v2.12 LaTeX color extensions (UK)

("C:\Program Files\MiKTeX 2.9\tex\latex\graphics-cfg\color.cfg"
File: color.cfg 2016/01/02 v1.6 sample color configuration
)
Package xcolor Info: Driver file: pdftex.def on input line 225.

(C:\Users\sara\AppData\Roaming\MiKTeX\2.9\tex\latex\colortbl\colortbl.sty
Package: colortbl 2012/02/13 v1.0a Color table columns (DPC)

("C:\Program Files\MiKTeX 2.9\tex\latex\tools\array.sty"
Package: array 2016/10/06 v2.4d Tabular extension package (FMi)
\col@sep=\dimen134
\extrarowheight=\dimen135
\NC@list=\toks24
\extratabsurround=\skip64
\backup@length=\skip65
)
\everycr=\toks25
\minrowclearance=\skip66
)
\rownum=\count131
Package xcolor Info: Model `cmy' substituted by `cmy0' on input line 1348.
Package xcolor Info: Model `hsb' substituted by `rgb' on input line 1352.
Package xcolor Info: Model `RGB' extended on input line 1364.
Package xcolor Info: Model `HTML' substituted by `rgb' on input line 1366.
Package xcolor Info: Model `Hsb' substituted by `hsb' on input line 1367.
Package xcolor Info: Model `tHsb' substituted by `hsb' on input line 1368.
Package xcolor Info: Model `HSB' substituted by `hsb' on input line 1369.
Package xcolor Info: Model `Gray' substituted by `gray' on input line 1370.
Package xcolor Info: Model `wave' substituted by `hsb' on input line 1371.
)
(C:\Users\sara\AppData\Roaming\MiKTeX\2.9\tex\latex\natbib\natbib.sty
Package: natbib 2010/09/13 8.31b (PWD, AO)
\bibhang=\skip67
\bibsep=\skip68
LaTeX Info: Redefining \cite on input line 694.
\c@NAT@ctr=\count132
)
(C:\Users\sara\AppData\Roaming\MiKTeX\2.9\tex\latex\changebar\changebar.sty
Package: changebar 2005/09/18 v3.5c Indicate changes with marginal bars
\cb@nextpoint=\count133
\cb@topleft=\count134
\cb@topright=\count135
\cb@botleft=\count136
\cb@botright=\count137
\cb@cnta=\count138
\cb@cntb=\count139
\cb@dima=\dimen136
\cb@curbarwd=\dimen137
\cb@page=\count140
\cb@pagecount=\count141
\cb@odd@left=\dimen138
\cb@odd@right=\dimen139
\cb@even@left=\dimen140
\cb@even@right=\dimen141
\cb@writexy=\write3
\cb@readxy=\read1
\openout3 = `viva-report.cb2'.

\changebarwidth=\skip69
\deletebarwidth=\skip70
\changebarsep=\skip71
\c@changebargrey=\count142
\cb@write=\write4
\cb@read=\read2
\openout4 = `viva-report.cb'.

)
(C:\Users\sara\AppData\Roaming\MiKTeX\2.9\tex\latex\soul\soul.sty
Package: soul 2003/11/17 v2.4 letterspacing/underlining (mf)
\SOUL@word=\toks26
\SOUL@lasttoken=\toks27
\SOUL@cmds=\toks28
\SOUL@buffer=\toks29
\SOUL@token=\toks30
\SOUL@spaceskip=\skip72
\SOUL@ttwidth=\dimen142
\SOUL@uldp=\dimen143
\SOUL@ulht=\dimen144
)

Package Fancyhdr Warning: \fancyhead's `E' option without twoside option is use
less on input line 47.

(viva-report.aux)
\openout1 = `viva-report.aux'.

LaTeX Font Info:    Checking defaults for OML/cmm/m/it on input line 73.
LaTeX Font Info:    ... okay on input line 73.
LaTeX Font Info:    Checking defaults for T1/cmr/m/n on input line 73.
LaTeX Font Info:    ... okay on input line 73.
LaTeX Font Info:    Checking defaults for OT1/cmr/m/n on input line 73.
LaTeX Font Info:    ... okay on input line 73.
LaTeX Font Info:    Checking defaults for OMS/cmsy/m/n on input line 73.
LaTeX Font Info:    ... okay on input line 73.
LaTeX Font Info:    Checking defaults for OMX/cmex/m/n on input line 73.
LaTeX Font Info:    ... okay on input line 73.
LaTeX Font Info:    Checking defaults for U/cmr/m/n on input line 73.
LaTeX Font Info:    ... okay on input line 73.
LaTeX Font Info:    Checking defaults for PD1/pdf/m/n on input line 73.
LaTeX Font Info:    ... okay on input line 73.
LaTeX Font Info:    Try loading font information for OT1+ptm on input line 73.
 ("C:\Program Files\MiKTeX 2.9\tex\latex\psnfss\ot1ptm.fd"
File: ot1ptm.fd 2001/06/04 font definitions for OT1/ptm.
)
*geometry* driver: auto-detecting
*geometry* detected driver: pdftex
*geometry* verbose mode - [ preamble ] result:
* driver: pdftex
* paper: <default>
* layout: <same size as paper>
* layoutoffset:(h,v)=(0.0pt,0.0pt)
* bindingoffset: 71.13188pt
* modes: includehead includefoot 
* h-part:(L,W,R)=(42.67912pt, 441.01775pt, 42.67912pt)
* v-part:(T,H,B)=(51.21504pt, 742.61676pt, 51.21504pt)
* \paperwidth=597.50787pt
* \paperheight=845.04684pt
* \textwidth=441.01772pt
* \textheight=691.40205pt
* \oddsidemargin=41.54102pt
* \evensidemargin=-29.59087pt
* \topmargin=-21.05495pt
* \headheight=15.0pt
* \headsep=19.8738pt
* \topskip=12.0pt
* \footskip=30.0pt
* \marginparwidth=38.0pt
* \marginparsep=7.0pt
* \columnsep=10.0pt
* \skip\footins=10.8pt plus 4.0pt minus 2.0pt
* \hoffset=0.0pt
* \voffset=0.0pt
* \mag=1000
* \@twocolumnfalse
* \@twosidefalse
* \@mparswitchfalse
* \@reversemarginfalse
* (1in=72.27pt=25.4mm, 1cm=28.453pt)

(C:\Users\sara\AppData\Roaming\MiKTeX\2.9\tex\context\base\supp-pdf.mkii
[Loading MPS to PDF converter (version 2006.09.02).]
\scratchcounter=\count143
\scratchdimen=\dimen145
\scratchbox=\box32
\nofMPsegments=\count144
\nofMParguments=\count145
\everyMPshowfont=\toks31
\MPscratchCnt=\count146
\MPscratchDim=\dimen146
\MPnumerator=\count147
\makeMPintoPDFobject=\count148
\everyMPtoPDFconversion=\toks32
) ("C:\Program Files\MiKTeX 2.9\tex\latex\oberdiek\epstopdf-base.sty"
Package: epstopdf-base 2016/05/15 v2.6 Base part for package epstopdf

("C:\Program Files\MiKTeX 2.9\tex\latex\oberdiek\grfext.sty"
Package: grfext 2016/05/16 v1.2 Manage graphics extensions (HO)
)
Package epstopdf-base Info: Redefining graphics rule for `.eps' on input line 4
38.
Package grfext Info: Graphics extension search list:
(grfext)             [.png,.pdf,.jpg,.mps,.jpeg,.jbig2,.jb2,.PNG,.PDF,.JPG,.JPE
G,.JBIG2,.JB2,.eps]
(grfext)             \AppendGraphicsExtensions on input line 456.
)
Package caption Info: Begin \AtBeginDocument code.
Package caption Info: subfig package v1.3 is loaded.
Package caption Info: hyperref package is loaded.
Package caption Info: End \AtBeginDocument code.
\AtBeginShipoutBox=\box33
Package hyperref Info: Link coloring OFF on input line 73.

("C:\Program Files\MiKTeX 2.9\tex\latex\hyperref\nameref.sty"
Package: nameref 2016/05/21 v2.44 Cross-referencing by name of section

("C:\Program Files\MiKTeX 2.9\tex\generic\oberdiek\gettitlestring.sty"
Package: gettitlestring 2016/05/16 v1.5 Cleanup title references (HO)
)
\c@section@level=\count149
)
LaTeX Info: Redefining \ref on input line 73.
LaTeX Info: Redefining \pageref on input line 73.
LaTeX Info: Redefining \nameref on input line 73.
)
(cover-referances.tex
LaTeX Font Info:    Try loading font information for OMS+ptm on input line 12.
 ("C:\Program Files\MiKTeX 2.9\tex\latex\psnfss\omsptm.fd"
File: omsptm.fd 
)
LaTeX Font Info:    Font shape `OMS/ptm/m/sc' in size <10.95> not available
(Font)              Font shape `OMS/cmsy/m/n' tried instead on input line 12.
LaTeX Font Info:    Font shape `OMS/ptm/m/n' in size <10.95> not available
(Font)              Font shape `OMS/cmsy/m/n' tried instead on input line 12.
 [1


{C:/Users/sara/AppData/Local/MiKTeX/2.9/pdftex/config/pdftex.map}]
(abstract.tex
LaTeX Font Info:    Font shape `OT1/ptm/bx/n' in size <12> not available
(Font)              Font shape `OT1/ptm/b/n' tried instead on input line 2.
)pdfTeX warning (ext4): destination with the same identifier (name{page.}) has 
been already used, duplicate ignored
<to be read again> 
                   \relax 
l.18 \newpage
              [1

]pdfTeX warning (ext4): destination with the same identifier (name{page.}) has 
been already used, duplicate ignored
<to be read again> 
                   \relax 
l.54 \tableofcontents
                      [2

]
LaTeX Font Info:    Font shape `OT1/ptm/bx/n' in size <24.88> not available
(Font)              Font shape `OT1/ptm/b/n' tried instead on input line 54.
LaTeX Font Info:    Try loading font information for OT1+phv on input line 54.

("C:\Program Files\MiKTeX 2.9\tex\latex\psnfss\ot1phv.fd"
File: ot1phv.fd 2001/06/04 scalable font definitions for OT1/phv.
)
LaTeX Font Info:    Font shape `OT1/phv/bx/n' in size <24.88> not available
(Font)              Font shape `OT1/phv/b/n' tried instead on input line 54.
 (viva-report.toc
LaTeX Font Info:    Try loading font information for U+msa on input line 2.

("C:\Program Files\MiKTeX 2.9\tex\latex\amsfonts\umsa.fd"
File: umsa.fd 2013/01/14 v3.01 AMS symbols A
)
LaTeX Font Info:    Try loading font information for U+msb on input line 2.

("C:\Program Files\MiKTeX 2.9\tex\latex\amsfonts\umsb.fd"
File: umsb.fd 2013/01/14 v3.01 AMS symbols B
))
\tf@toc=\write5
\openout5 = `viva-report.toc'.

pdfTeX warning (ext4): destination with the same identifier (name{page.}) has b
een already used, duplicate ignored
<to be read again> 
                   \relax 
l.55 \listoftables
                   [3

] (viva-report.lot)
\tf@lot=\write6
\openout6 = `viva-report.lot'.

pdfTeX warning (ext4): destination with the same identifier (name{page.}) has b
een already used, duplicate ignored
<to be read again> 
                   \relax 
l.56 \listoffigures
                    [4

] (viva-report.lof)
\tf@lof=\write7
\openout7 = `viva-report.lof'.

pdfTeX warning (ext4): destination with the same identifier (name{page.}) has b
een already used, duplicate ignored
<to be read again> 
                   \relax 
l.59 \cleardoublepage
                      [5

])
Chapter 1.
LaTeX Font Info:    Font shape `OT1/ptm/bx/n' in size <17.28> not available
(Font)              Font shape `OT1/ptm/b/n' tried instead on input line 8.
LaTeX Font Info:    Font shape `OT1/phv/bx/n' in size <17.28> not available
(Font)              Font shape `OT1/phv/b/n' tried instead on input line 8.
LaTeX Font Info:    Font shape `OT1/ptm/bx/n' in size <14.4> not available
(Font)              Font shape `OT1/ptm/b/n' tried instead on input line 14.
LaTeX Font Info:    Font shape `OT1/phv/bx/n' in size <14.4> not available
(Font)              Font shape `OT1/phv/b/n' tried instead on input line 14.
[1


]
Overfull \hbox (22.16542pt too wide) in paragraph at lines 23--25
\OT1/ptm/m/n/12 care or-gan-i-sa-tions such as E-Health, Elec-tronic Mealth Rec
ords (EMR), Mo-bile health (mHealth),
 []

LaTeX Font Info:    Font shape `OMS/ptm/m/n' in size <12> not available
(Font)              Font shape `OMS/cmsy/m/n' tried instead on input line 31.
[2]
Missing character: There is no ‚ in font ptmr7t!
Missing character: There is no Ä in font ptmr7t!
Missing character: There is no ô in font ptmr7t!
Missing character: There is no ‚ in font ptmr7t!
Missing character: There is no Ä in font ptmr7t!
Missing character: There is no ô in font ptmr7t!
Missing character: There is no ‚ in font ptmr7t!
Missing character: There is no Ä in font ptmr7t!
Missing character: There is no ô in font ptmr7t!
Missing character: There is no ‚ in font ptmr7t!
Missing character: There is no Ä in font ptmr7t!
Missing character: There is no ô in font ptmr7t!
 [3]
Missing character: There is no ‚ in font ptmr7t!
Missing character: There is no Ä in font ptmr7t!
Missing character: There is no ô in font ptmr7t!
 [4]
Missing character: There is no ‚ in font ptmr7t!
Missing character: There is no Ä in font ptmr7t!
Missing character: There is no ô in font ptmr7t!
Missing character: There is no ‚ in font ptmr7t!
Missing character: There is no Ä in font ptmr7t!
Missing character: There is no ô in font ptmr7t!
 [5] [6]
Missing character: There is no ‚ in font ptmr7t!
Missing character: There is no Ä in font ptmr7t!
Missing character: There is no ú in font ptmr7t!
Missing character: There is no ‚ in font ptmr7t!
Missing character: There is no Ä in font ptmr7t!
Missing character: There is no ù in font ptmr7t!
Missing character: There is no √ in font ptmr7t!
Missing character: There is no ≥ in font ptmr7t!

Overfull \hbox (7.23688pt too wide) in paragraph at lines 109--110
\OT1/ptm/m/n/12 com-pli-ance from all health-care par-ties that store, pro-cess
 and ex-change EHR electronically[[],
 []

Missing character: There is no ‚ in font ptmr7t!
Missing character: There is no Ä in font ptmr7t!
Missing character: There is no ú in font ptmr7t!
Missing character: There is no ‚ in font ptmr7t!
Missing character: There is no Ä in font ptmr7t!
Missing character: There is no ù in font ptmr7t!
Missing character: There is no ‚ in font ptmr7t!
Missing character: There is no Ä in font ptmr7t!
Missing character: There is no ú in font ptmr7t!
Missing character: There is no ‚ in font ptmr7t!
Missing character: There is no Ä in font ptmr7t!
Missing character: There is no ù in font ptmr7t!
Missing character: There is no ‚ in font ptmr7t!
Missing character: There is no Ä in font ptmr7t!
Missing character: There is no ô in font ptmr7t!
[7] [8] [9] [10]
<Data_Breach_table_2013_2014.JPG, id=276, 360.1455pt x 273.4215pt>
File: Data_Breach_table_2013_2014.JPG Graphic file (type jpg)

<use Data_Breach_table_2013_2014.JPG>
Package pdftex.def Info: Data_Breach_table_2013_2014.JPG used on input line 155
.
(pdftex.def)             Requested size: 360.1446pt x 273.4208pt.
 [11]
LaTeX Font Info:    Font shape `OT1/phv/bx/n' in size <12> not available
(Font)              Font shape `OT1/phv/b/n' tried instead on input line 163.
 [12 <./Data_Breach_table_2013_2014.JPG>] [13] [14]
<First_Research_Diagrame.jpg, id=325, 1034.86626pt x 553.06625pt>
File: First_Research_Diagrame.jpg Graphic file (type jpg)

<use First_Research_Diagrame.jpg>
Package pdftex.def Info: First_Research_Diagrame.jpg used on input line 190.
(pdftex.def)             Requested size: 413.93916pt x 221.22258pt.
 [15 <./First_Research_Diagrame.jpg>]
(footer.tex (viva-report.bbl [16]
LaTeX Font Info:    Try loading font information for OT1+pcr on input line 36.

("C:\Program Files\MiKTeX 2.9\tex\latex\psnfss\ot1pcr.fd"
File: ot1pcr.fd 2001/06/04 font definitions for OT1/pcr.
)
Underfull \hbox (badness 1442) in paragraph at lines 28--37
[]\OT1/ptm/m/n/12 F Akowuah, X Yuan, J Xu, and H Wang.  A sur-vey of se-cu-rity
 stan-dards
 []


Underfull \hbox (badness 2245) in paragraph at lines 28--37
\OT1/ptm/m/n/12 ap-pli-ca-ble to health in-for-ma-tion sys-tems.  \OT1/ptm/m/it
/12 In-ter-na-tional Jour-nal of In-for-ma-
 []


Underfull \hbox (badness 1132) in paragraph at lines 28--37
\OT1/ptm/m/it/12 tion Se-cu-rity and Pri-vacy\OT1/ptm/m/n/12 , 7(4):22--36, 201
3.  ISSN 19301650 (ISSN).  doi:
 []


Underfull \hbox (badness 10000) in paragraph at lines 28--37
\OT1/ptm/m/n/12 10 . 4018 / ijisp . 2013100103$.  URL []$\OT1/pcr/m/n/12 https 
: / / www . scopus . com / inward /
 []


Underfull \hbox (badness 10000) in paragraph at lines 28--37
\OT1/pcr/m/n/12 record . uri ? eid = 2-[]s2 . 0-[]84945184880{&}partnerID = 40{
&}md5 =
 []


Underfull \hbox (badness 3078) in paragraph at lines 56--63
[]\OT1/ptm/m/n/12 Jordan B Bar-low, Mer-rill Warkentin, Dustin Or-mond, and Ala
n R Den-nis.
 []


Underfull \hbox (badness 1762) in paragraph at lines 56--63
\OT1/ptm/m/n/12 Don't make ex-cuses! Dis-cour-ag-ing neu-tral-iza-tion to re-du
ce IT pol-icy vi-o-la-
 []


Underfull \hbox (badness 10000) in paragraph at lines 56--63
\OT1/pcr/m/n/12 com / S0167404813000898 / 1-[]s2 . 0-[]S0167404813000898-[]main
 . pdf ?
 []


Underfull \hbox (badness 10000) in paragraph at lines 56--63
\OT1/pcr/m/n/12 {_}tid = 7323926e-[]250f-[]11e7-[]b0b9-[]00000aab0f6b{&}acdnat 
=
 []

[17

]
Missing character: There is no ‚ in font ptmr7t!
Missing character: There is no Ä in font ptmr7t!
Missing character: There is no î in font ptmr7t!
Missing character: There is no ‚ in font ptmr7t!
Missing character: There is no Ä in font ptmr7t!
Missing character: There is no î in font ptmr7t!
Missing character: There is no ‚ in font ptmr7t!
Missing character: There is no Ä in font ptmr7t!
Missing character: There is no î in font ptmr7t!

Underfull \hbox (badness 10000) in paragraph at lines 143--149
[]\OT1/ptm/m/n/12 ENISA.  Risk Man-age-ment : Im-ple-men-ta-tion prin-ci-ples a
nd In-
 []


Underfull \hbox (badness 10000) in paragraph at lines 143--149
\OT1/ptm/m/n/12 ven-to-ries for Risk Man-age-ment / Risk As-sess-ment meth-ods
 []


Underfull \hbox (badness 10000) in paragraph at lines 143--149
\OT1/ptm/m/n/12 and tools.  (June):177, 2006.  URL []$\OT1/pcr/m/n/12 https : /
 / www . enisa .
 []


Underfull \hbox (badness 10000) in paragraph at lines 143--149
\OT1/pcr/m/n/12 europa . eu / activities / risk-[]management / current-[]risk /

 []


Underfull \hbox (badness 10000) in paragraph at lines 143--149
\OT1/pcr/m/n/12 risk-[]management-[]inventory / files / deliverables /
 []


Overfull \hbox (285.04884pt too wide) in paragraph at lines 143--149
\OT1/pcr/m/n/12 risk-[]management-[]principles-[]and-[]inventories-[]for-[]risk
-[]management-[]risk-[]assessment-[]methods-[]and-[]tools$[]\OT1/ptm/m/n/12 . 
 []

[18]
Underfull \hbox (badness 5288) in paragraph at lines 151--157
[]\OT1/ptm/m/n/12 Mark Grindle, Ji-ten-dra Ka-vathekar, and Dadong Wan.  A new 
era for
 []


Underfull \hbox (badness 7047) in paragraph at lines 151--157
\OT1/ptm/m/n/12 the health-care in-dus-try - Cloud com-put-ing changes the game
.  \OT1/ptm/m/it/12 Ac-cen-
 []

Missing character: There is no ‚ in font ptmr7t!
Missing character: There is no Ä in font ptmr7t!
Missing character: There is no î in font ptmr7t!
Missing character: There is no ‚ in font ptmr7t!
Missing character: There is no Ä in font ptmr7t!
Missing character: There is no î in font ptmr7t!
Missing character: There is no ‚ in font ptmr7t!
Missing character: There is no Ä in font ptmr7t!
Missing character: There is no î in font ptmr7t!
Missing character: There is no ‚ in font ptmr7t!
Missing character: There is no Ä in font ptmr7t!
Missing character: There is no î in font ptmr7t!
Missing character: There is no ‚ in font ptmr7t!
Missing character: There is no Ä in font ptmr7t!
Missing character: There is no î in font ptmr7t!
Missing character: There is no ‚ in font ptmr7t!
Missing character: There is no Ä in font ptmr7t!
Missing character: There is no î in font ptmr7t!
[19]
Underfull \hbox (badness 4886) in paragraph at lines 290--296
[]\OT1/ptm/m/n/12 Department of Health, Hu-man Ser-vices USA, USA De-part-ment 
of Health
 []


Underfull \hbox (badness 2903) in paragraph at lines 290--296
\OT1/ptm/m/n/12 and Hu-man, and Ser-vices.  OF-FICE RIGHTS FOR CIVIL Pri-vacy, 
Se-cu-
 []


Underfull \hbox (badness 3250) in paragraph at lines 290--296
\OT1/ptm/m/n/12 rity, and Elec-tronic Health Records 1 PRI-VACY, SE-CU-RITY, AN
D ELEC-
 []


Underfull \hbox (badness 5036) in paragraph at lines 290--296
\OT1/ptm/m/n/12 TRONIC HEALTH RECORDS.  URL []$\OT1/pcr/m/n/12 https : / / www 
. hhs . gov / sites /
 []


Underfull \hbox (badness 10000) in paragraph at lines 290--296
\OT1/pcr/m/n/12 default / files / ocr / privacy / hipaa / understanding / consu
mers /
 []

[20]
Underfull \hbox (badness 10000) in paragraph at lines 298--305
[]\OT1/ptm/m/n/12 Fan-Yun Pai and Kai-I Huang.  Ap-ply-ing the Tech-nol-ogy Ac-
cep-tance
 []


Underfull \hbox (badness 2326) in paragraph at lines 298--305
\OT1/ptm/m/n/12 Model to the in-tro-duc-tion of health-care in-for-ma-tion sys-
tems.  2011.  doi:
 []


Underfull \hbox (badness 10000) in paragraph at lines 298--305
\OT1/ptm/m/n/12 10 . 1016 / j . techfore . 2010 . 11 . 007$.  URL []$\OT1/pcr/m
/n/12 http : / / ac . els-[]cdn . com /
 []


Underfull \hbox (badness 10000) in paragraph at lines 298--305
\OT1/pcr/m/n/12 S0040162510002714 / 1-[]s2 . 0-[]S0040162510002714-[]main . pdf
 ?
 []


Underfull \hbox (badness 10000) in paragraph at lines 298--305
\OT1/pcr/m/n/12 {_}tid = 7f09d7b8-[]08aa-[]11e7-[]909a-[]00000aab0f26{&}acdnat 
=
 []


Underfull \hbox (badness 1331) in paragraph at lines 308--319
[]\OT1/ptm/m/n/12 Chrysanthi Pa-poutsi, Julie E Reed, Ci-cely Marston, Ruth Lew
is, Azeem Ma-
 []


Underfull \hbox (badness 4072) in paragraph at lines 308--319
\OT1/ptm/m/n/12 jeed, and Derek Bell.  Pa-tient and pub-lic views about the se-
cu-rity and
 []


Underfull \hbox (badness 5431) in paragraph at lines 308--319
\OT1/ptm/m/n/12 pri-vacy of Elec-tronic Health Records (EHRs) in the UK: re-sul
ts from a
 []


Underfull \hbox (badness 2277) in paragraph at lines 308--319
\OT1/ptm/m/n/12 mixed meth-ods study.  \OT1/ptm/m/it/12 BMC med-i-cal in-for-ma
t-ics and de-ci-sion mak-ing\OT1/ptm/m/n/12 , 15:
 []


Underfull \hbox (badness 4001) in paragraph at lines 308--319
\OT1/ptm/m/n/12 86, 2015.  ISSN 1472-6947.  doi: $10 . 1186 / s12911-[]015-[]02
02-[]2$.  URL
 []


Underfull \hbox (badness 10000) in paragraph at lines 308--319
[]$\OT1/pcr/m/n/12 http : / / www . pubmedcentral . nih . gov / articlerender .
 fcgi ?
 []


Underfull \hbox (badness 10000) in paragraph at lines 364--372
\OT1/pcr/m/n/12 stable / 1388569http : / / www . jstor . org / stable / 1388569
 ? seq =
 []


Underfull \hbox (badness 10000) in paragraph at lines 364--372
\OT1/pcr/m/n/12 1{&}cid = pdf-[]reference{#}references{_}tab{_}contentshttp :
 []

[21]
Underfull \hbox (badness 6047) in paragraph at lines 392--398
[]\OT1/ptm/m/n/12 Ganthan Narayana Samy, Ra-biah Ah-mad, and Zu-raini Is-mail. 
 Se-cu-rity
 []


Underfull \hbox (badness 1371) in paragraph at lines 392--398
\OT1/ptm/m/n/12 threats cat-e-gories in health-care in-for-ma-tion sys-tems, 20
10.  ISSN 1460-4582.
 []


Underfull \hbox (badness 1448) in paragraph at lines 400--409
\OT1/ptm/m/n/12 doi: $10 . 2460 / javma . 228 . 4 . 578$.  URL []$\OT1/pcr/m/n/
12 http : / / www . scopus . com / inward /
 []


Underfull \hbox (badness 10000) in paragraph at lines 400--409
\OT1/pcr/m/n/12 record . url ? eid = 2-[]s2 . 0-[]77957068563{&}partnerID = 40{
&}md5 =
 []


Underfull \hbox (badness 10000) in paragraph at lines 420--427
[]\OT1/ptm/m/n/12 Gresham M Sykes and David Matza.  Tech-niques of Neu-tral-iza
-tion:
 []


Underfull \hbox (badness 10000) in paragraph at lines 420--427
\OT1/ptm/m/n/12 A The-ory of Delin-quency.  \OT1/ptm/m/it/12 Source: Amer-i-can
 So-ci-o-log-i-cal Re-view\OT1/ptm/m/n/12 ,
 []


Underfull \hbox (badness 10000) in paragraph at lines 420--427
\OT1/ptm/m/n/12 22(6):664--670, 1957.  URL []$\OT1/pcr/m/n/12 http : / / www . 
jstor . org / stable /
 []


Underfull \hbox (badness 10000) in paragraph at lines 420--427
\OT1/pcr/m/n/12 2089195http : / / www . jstor . org / stable / 2089195 ? seq = 
1{&}cid =
 []


Underfull \hbox (badness 10000) in paragraph at lines 420--427
\OT1/pcr/m/n/12 pdf-[]reference{#}references{_}tab{_}contentshttp : / / about .

 []

[22]
Underfull \hbox (badness 10000) in paragraph at lines 451--456
[]\OT1/ptm/m/n/12 U.S. De-part-ment of Health and Hu-man Ser-vices.  What is th
e dif-
 []


Underfull \hbox (badness 10000) in paragraph at lines 451--456
\OT1/ptm/m/n/12 fer-ence be-tween a Per-sonal Health Record, an Elec-tronic Hea
lth
 []


Underfull \hbox (badness 10000) in paragraph at lines 451--456
\OT1/ptm/m/n/12 Record, and an Elec-tronic Med-i-cal Record?, 2015.  URL []$\OT
1/pcr/m/n/12 https :
 []


Underfull \hbox (badness 10000) in paragraph at lines 451--456
\OT1/pcr/m/n/12 / / www . healthit . gov / providers-[]professionals / faqs /
 []


Overfull \hbox (66.54893pt too wide) in paragraph at lines 451--456
\OT1/pcr/m/n/12 what-[]are-[]differences-[]between-[]electronic-[]medical-[]rec
ords-[]electronic$[]\OT1/ptm/m/n/12 . 
 []

) [23]
Package atveryend Info: Empty hook `BeforeClearDocument' on input line 8.
Package atveryend Info: Empty hook `AfterLastShipout' on input line 8.
 (viva-report.aux)
Package atveryend Info: Executing hook `AtVeryEndDocument' on input line 8.
Package atveryend Info: Empty hook `AtEndAfterFileList' on input line 8.
Package atveryend Info: Empty hook `AtVeryVeryEnd' on input line 8.
 ) ) 
Here is how much of TeX's memory you used:
 10165 strings out of 493328
 149401 string characters out of 3139128
 261116 words of memory out of 3000000
 13367 multiletter control sequences out of 15000+200000
 41758 words of font info for 76 fonts, out of 3000000 for 9000
 1144 hyphenation exceptions out of 8191
 46i,11n,45p,1986b,534s stack positions out of 5000i,500n,10000p,200000b,50000s
{C:/Program Files/MiKTeX 2.9/fonts/enc/dvips/base/8r.enc}<C:/Program Files/
MiKTeX 2.9/fonts/type1/public/amsfonts/cm/cmsy10.pfb><C:/Program Files/MiKTeX 2
.9/fonts/type1/urw/courier/ucrr8a.pfb><C:/Program Files/MiKTeX 2.9/fonts/type1/
urw/helvetic/uhvb8a.pfb><C:/Program Files/MiKTeX 2.9/fonts/type1/urw/times/utmb
8a.pfb><C:/Program Files/MiKTeX 2.9/fonts/type1/urw/times/utmr8a.pfb><C:/Progra
m Files/MiKTeX 2.9/fonts/type1/urw/times/utmr8a.pfb><C:/Program Files/MiKTeX 2.
9/fonts/type1/urw/times/utmri8a.pfb>
Output written on viva-report.pdf (29 pages, 373027 bytes).
PDF statistics:
 551 PDF objects out of 1000 (max. 8388607)
 114 named destinations out of 1000 (max. 500000)
 195 words of extra memory for PDF output out of 10000 (max. 10000000)

